This is pdfTeX, Version 3.14159265-2.6-1.40.21 (TeX Live 2020) (preloaded format=pdflatex 2020.12.26)  18 APR 2022 00:35
entering extended mode
 restricted \write18 enabled.
 file:line:error style messages enabled.
 %&-line parsing enabled.
**/Users/mbh/GitHub/PhysicsBook/edlisfraedifinal/kaflar/kafli05/kafli05.tex
(/Users/mbh/GitHub/PhysicsBook/edlisfraedifinal/kaflar/kafli05/kafli05.tex
LaTeX2e <2020-02-02> patch level 5
L3 programming layer <2020-03-06> (/usr/local/texlive/2020/texmf-dist/tex/latex/base/book.cls
Document Class: book 2019/12/20 v1.4l Standard LaTeX document class
(/usr/local/texlive/2020/texmf-dist/tex/latex/base/bk10.clo
File: bk10.clo 2019/12/20 v1.4l Standard LaTeX file (size option)
)
\c@part=\count167
\c@chapter=\count168
\c@section=\count169
\c@subsection=\count170
\c@subsubsection=\count171
\c@paragraph=\count172
\c@subparagraph=\count173
\c@figure=\count174
\c@table=\count175
\abovecaptionskip=\skip47
\belowcaptionskip=\skip48
\bibindent=\dimen134
)

! LaTeX Error: File `EdlBook.sty' not found.

Type X to quit or <RETURN> to proceed,
or enter new name. (Default extension: sty)

Enter file name: 
/Users/mbh/GitHub/PhysicsBook/edlisfraedifinal/kaflar/kafli05/kafli05.tex:1: Emergency stop.
<read *> 
         
l.1 ...ide]{book}\usepackage{EdlBook}\graphicspath
                                                  {{figures/}}^^M
*** (cannot \read from terminal in nonstop modes)

 
Here is how much of TeX's memory you used:
 240 strings out of 480608
 2954 string characters out of 5903629
 239610 words of memory out of 5000000
 16222 multiletter control sequences out of 15000+600000
 532338 words of font info for 24 fonts, out of 8000000 for 9000
 1141 hyphenation exceptions out of 8191
 25i,0n,21p,287b,36s stack positions out of 5000i,500n,10000p,200000b,80000s
/Users/mbh/GitHub/PhysicsBook/edlisfraedifinal/kaflar/kafli05/kafli05.tex:1:  ==> Fatal error occurred, no output PDF file produced!
