\BOOKMARK [0][-]{chapter.1}{Einingar}{}% 1
\BOOKMARK [1][-]{section.1.1}{Al\376j\363\360lega einingakerfi\360}{chapter.1}% 2
\BOOKMARK [1][-]{section.1.2}{Sta\360alform og markver\360ir stafir}{chapter.1}% 3
\BOOKMARK [1][-]{section.1.3}{Fermi vandam\341l}{chapter.1}% 4
\BOOKMARK [1][-]{section.1.4}{V\355ddargreining}{chapter.1}% 5
\BOOKMARK [1][-]{section.1.5}{D\346mi}{chapter.1}% 6
\BOOKMARK [0][-]{chapter.2}{\323vissureikningar}{}% 7
\BOOKMARK [1][-]{section.2.1}{Formlegar reiknireglur vi\360 me\360h\366ndlun \363vissu}{chapter.2}% 8
\BOOKMARK [1][-]{section.2.2}{S\375nid\346mi um \363vissureikninga}{chapter.2}% 9
\BOOKMARK [1][-]{section.2.3}{D\346mi}{chapter.2}% 10
\BOOKMARK [0][-]{chapter.3}{Gangfr\346\360i}{}% 11
\BOOKMARK [1][-]{section.3.1}{Sta\360a, hra\360i og hr\366\360un}{chapter.3}% 12
\BOOKMARK [1][-]{section.3.2}{Usain Bolt}{chapter.3}% 13
\BOOKMARK [1][-]{section.3.3}{F\366st hr\366\360un og st\366\360uj\366fnurnar}{chapter.3}% 14
\BOOKMARK [1][-]{section.3.4}{D\346mi}{chapter.3}% 15
\BOOKMARK [0][-]{chapter.4}{Orka, skri\360\376ungi og var\360veislul\366gm\341l}{}% 16
\BOOKMARK [1][-]{section.4.1}{Hreyfiorka og st\366\360uorka}{chapter.4}% 17
\BOOKMARK [1][-]{section.4.2}{\301rekstrar}{chapter.4}% 18
\BOOKMARK [1][-]{section.4.3}{D\346mi}{chapter.4}% 19
\BOOKMARK [0][-]{chapter.5}{Kasthreyfing}{}% 20
\BOOKMARK [1][-]{section.5.1}{A\360 kasta bolta yfir horni}{chapter.5}% 21
\BOOKMARK [1][-]{section.5.2}{D\346mi}{chapter.5}% 22
\BOOKMARK [0][-]{chapter.6}{Kraftar}{}% 23
\BOOKMARK [1][-]{section.6.1}{\332tdr\341ttur \372r Principia eftir Newton}{chapter.6}% 24
\BOOKMARK [1][-]{section.6.2}{L\366gm\341l Newtons}{chapter.6}% 25
\BOOKMARK [1][-]{section.6.3}{Nokkrir kraftar}{chapter.6}% 26
\BOOKMARK [1][-]{section.6.4}{Fleiri kraftar}{chapter.6}% 27
\BOOKMARK [1][-]{section.6.5}{S\375nid\346mi}{chapter.6}% 28
\BOOKMARK [1][-]{section.6.6}{D\346mi}{chapter.6}% 29
\BOOKMARK [0][-]{chapter.7}{Tengsl krafta vi\360 var\360veislul\366gm\341lin}{}% 30
\BOOKMARK [1][-]{section.7.1}{Vinna}{chapter.7}% 31
\BOOKMARK [1][-]{section.7.2}{Geymnir og \363geymnir kraftar}{chapter.7}% 32
\BOOKMARK [1][-]{section.7.3}{St\366\360uorka}{chapter.7}% 33
\BOOKMARK [1][-]{section.7.4}{Orkuvar\360veisla}{chapter.7}% 34
\BOOKMARK [1][-]{section.7.5}{Skri\360\376ungavar\360veisla}{chapter.7}% 35
\BOOKMARK [1][-]{section.7.6}{S\375nid\346mi}{chapter.7}% 36
\BOOKMARK [1][-]{section.7.7}{D\346mi}{chapter.7}% 37
\BOOKMARK [0][-]{chapter.8}{\336yngdarl\366gm\341li\360}{}% 38
\BOOKMARK [1][-]{section.8.1}{\336yngdarl\366gm\341l Newtons}{chapter.8}% 39
\BOOKMARK [1][-]{section.8.2}{Hringhreyfing}{chapter.8}% 40
\BOOKMARK [1][-]{section.8.3}{\336ri\360ja l\366gm\341l Keplers fyrir hringhreyfingu}{chapter.8}% 41
\BOOKMARK [1][-]{section.8.4}{L\366gm\341l Keplers}{chapter.8}% 42
\BOOKMARK [1][-]{section.8.5}{S\375nid\346mi}{chapter.8}% 43
\BOOKMARK [1][-]{section.8.6}{D\346mi}{chapter.8}% 44
\BOOKMARK [0][-]{chapter.9}{Sn\372ningar}{}% 45
\BOOKMARK [1][-]{section.9.1}{Hornsta\360a, hornhra\360i og hornhr\366\360un}{chapter.9}% 46
\BOOKMARK [1][-]{section.9.2}{Massami\360jan}{chapter.9}% 47
\BOOKMARK [1][-]{section.9.3}{Hverfitreg\360ur og sn\372nings\341sar}{chapter.9}% 48
\BOOKMARK [1][-]{section.9.4}{Hverfitreg\360ur algengra hluta}{chapter.9}% 49
\BOOKMARK [1][-]{section.9.5}{\332tlei\360slur \341 nokkrum hverfitreg\360um}{chapter.9}% 50
\BOOKMARK [1][-]{section.9.6}{Kraftv\346gi}{chapter.9}% 51
\BOOKMARK [1][-]{section.9.7}{Hverfi\376ungi}{chapter.9}% 52
\BOOKMARK [1][-]{section.9.8}{Sn\372ningsorka}{chapter.9}% 53
\BOOKMARK [1][-]{section.9.9}{S\375nid\346mi}{chapter.9}% 54
\BOOKMARK [1][-]{section.9.10}{D\346mi}{chapter.9}% 55
\BOOKMARK [0][-]{chapter.10}{Fl\346\360iefni og \376r\375stingur}{}% 56
\BOOKMARK [1][-]{section.10.1}{E\360lismassi}{chapter.10}% 57
\BOOKMARK [1][-]{section.10.2}{\336r\375stingur}{chapter.10}% 58
\BOOKMARK [1][-]{section.10.3}{Sta\360alloft\376r\375stingur}{chapter.10}% 59
\BOOKMARK [1][-]{section.10.4}{L\366gm\341l Pascals}{chapter.10}% 60
\BOOKMARK [1][-]{section.10.5}{L\366gm\341l Ark\355medesar}{chapter.10}% 61
\BOOKMARK [1][-]{section.10.6}{Inngangur a\360 v\366kvaaflfr\346\360i}{chapter.10}% 62
\BOOKMARK [1][-]{section.10.7}{Samfeldnil\366gm\341li\360}{chapter.10}% 63
\BOOKMARK [1][-]{section.10.8}{L\366gm\341l Bernoullis}{chapter.10}% 64
\BOOKMARK [1][-]{section.10.9}{D\346mi}{chapter.10}% 65
\BOOKMARK [0][-]{chapter.11}{Einf\366ld sveifluhreyfing}{}% 66
\BOOKMARK [1][-]{section.11.1}{Rith\341ttur}{chapter.11}% 67
\BOOKMARK [1][-]{section.11.2}{Einf\366ld sveifluhreyfing}{chapter.11}% 68
\BOOKMARK [1][-]{section.11.3}{Gormar}{chapter.11}% 69
\BOOKMARK [1][-]{section.11.4}{L\363\360r\351ttur gormur}{chapter.11}% 70
\BOOKMARK [1][-]{section.11.5}{Pend\372ll}{chapter.11}% 71
\BOOKMARK [1][-]{section.11.6}{Fl\363kin sveifluhreyfing \(\355tarefni\)}{chapter.11}% 72
\BOOKMARK [1][-]{section.11.7}{D\346mi}{chapter.11}% 73
\BOOKMARK [0][-]{chapter.12}{Bylgjur}{}% 74
\BOOKMARK [1][-]{section.12.1}{Hva\360 er bylgja?}{chapter.12}% 75
\BOOKMARK [1][-]{section.12.2}{Sta\360bylgjur \341 streng}{chapter.12}% 76
\BOOKMARK [1][-]{section.12.3}{Hlj\363\360bylgjur}{chapter.12}% 77
\BOOKMARK [1][-]{section.12.4}{A\360 leysa bylgjuj\366fnuna}{chapter.12}% 78
\BOOKMARK [1][-]{section.12.5}{Afl og styrkur}{chapter.12}% 79
\BOOKMARK [1][-]{section.12.6}{Dopplerhrif}{chapter.12}% 80
\BOOKMARK [1][-]{section.12.7}{Eigint\355\360nir og eiginsveifluh\346ttir}{chapter.12}% 81
\BOOKMARK [1][-]{section.12.8}{Bylgjusamli\360un}{chapter.12}% 82
\BOOKMARK [1][-]{section.12.9}{Hvi\360ur}{chapter.12}% 83
\BOOKMARK [1][-]{section.12.10}{T\363nlist \(\355tarefni\)}{chapter.12}% 84
\BOOKMARK [1][-]{section.12.11}{Chladni platan \(\355tarefni\)}{chapter.12}% 85
\BOOKMARK [1][-]{section.12.12}{D\346mi}{chapter.12}% 86
\BOOKMARK [0][-]{chapter.13}{Varmafr\346\360i}{}% 87
\BOOKMARK [1][-]{section.13.1}{Varmaorka}{chapter.13}% 88
\BOOKMARK [2][-]{subsection.13.1.1}{Br\346\360sluvarmi og gufunarvarmi}{section.13.1}% 89
\BOOKMARK [1][-]{section.13.2}{Kj\366rgas}{chapter.13}% 90
\BOOKMARK [1][-]{section.13.3}{Fyrsta l\366gm\341l varmafr\346\360innar}{chapter.13}% 91
\BOOKMARK [1][-]{section.13.4}{Varmaferli}{chapter.13}% 92
\BOOKMARK [1][-]{section.13.5}{D\346mi}{chapter.13}% 93
\BOOKMARK [0][-]{chapter.14}{Rafsvi\360i\360}{}% 94
\BOOKMARK [1][-]{section.14.1}{Rafkraftal\366gm\341l Coulombs}{chapter.14}% 95
\BOOKMARK [1][-]{section.14.2}{Rafsvi\360 fr\341 punkthle\360slu}{chapter.14}% 96
\BOOKMARK [1][-]{section.14.3}{Raftv\355skaut}{chapter.14}% 97
\BOOKMARK [1][-]{section.14.4}{Lagrange-punktar}{chapter.14}% 98
\BOOKMARK [1][-]{section.14.5}{Rafsvi\360i\360 me\360fram samhverfu\341s hringlaga gjar\360ar}{chapter.14}% 99
\BOOKMARK [1][-]{section.14.6}{Rafsvi\360i\360 fr\341 \363endanlega st\363rri pl\366tu \(*\)}{chapter.14}% 100
\BOOKMARK [1][-]{section.14.7}{D\346mi}{chapter.14}% 101
\BOOKMARK [0][-]{chapter.15}{L\366gm\341l Gauss}{}% 102
\BOOKMARK [1][-]{section.15.1}{Raffl\346\360i}{chapter.15}% 103
\BOOKMARK [1][-]{section.15.2}{L\366gm\341l Gauss fyrir \376yngdarsvi\360i\360 \(*\)}{chapter.15}% 104
\BOOKMARK [1][-]{section.15.3}{D\346mi}{chapter.15}% 105
\BOOKMARK [0][-]{chapter.16}{Raforka og rafspenna}{}% 106
\BOOKMARK [1][-]{section.16.1}{Pl\366tu\376\351ttir}{chapter.16}% 107
\BOOKMARK [1][-]{section.16.2}{Rafsvarar}{chapter.16}% 108
\BOOKMARK [1][-]{section.16.3}{Orku\376\351ttleiki rafsvi\360sins}{chapter.16}% 109
\BOOKMARK [1][-]{section.16.4}{Klass\355skur geisli rafeindarinnar \(*\)}{chapter.16}% 110
\BOOKMARK [1][-]{section.16.5}{D\346mi}{chapter.16}% 111
\BOOKMARK [0][-]{chapter.17}{Inngangur a\360 rafr\341sum}{}% 112
\BOOKMARK [1][-]{section.17.1}{\315hlutir \355 rafr\341sir}{chapter.17}% 113
\BOOKMARK [1][-]{section.17.2}{L\366gm\341l Kirchoffs}{chapter.17}% 114
\BOOKMARK [1][-]{section.17.3}{Spennufall}{chapter.17}% 115
\BOOKMARK [1][-]{section.17.4}{Ra\360tenging og hli\360tenging}{chapter.17}% 116
\BOOKMARK [1][-]{section.17.5}{Drude-l\355kani\360 \(*\)}{chapter.17}% 117
\BOOKMARK [1][-]{section.17.6}{D\346mi}{chapter.17}% 118
\BOOKMARK [0][-]{chapter.18}{Segulsvi\360 og l\366gm\341l Amp\351res}{}% 119
\BOOKMARK [1][-]{section.18.1}{D\346mi}{chapter.18}% 120
\BOOKMARK [0][-]{chapter.19}{L\366gm\341l Faradays og spanstraumur}{}% 121
\BOOKMARK [1][-]{section.19.1}{L\366gm\341l Faradays}{chapter.19}% 122
\BOOKMARK [1][-]{section.19.2}{S\375nid\346mi}{chapter.19}% 123
\BOOKMARK [1][-]{section.19.3}{Sj\341lfspan \355 sp\363lu}{chapter.19}% 124
\BOOKMARK [1][-]{section.19.4}{Hvers vegna er ri\360straumur m\341li\360?}{chapter.19}% 125
\BOOKMARK [1][-]{section.19.5}{D\346mi}{chapter.19}% 126
\BOOKMARK [0][-]{chapter.20}{T\355ma\376r\363un \355 rafr\341sum}{}% 127
\BOOKMARK [1][-]{section.20.1}{Jafnspennur\341sir \(DC\)}{chapter.20}% 128
\BOOKMARK [2][-]{subsection.20.1.1}{RC-r\341s:}{section.20.1}% 129
\BOOKMARK [2][-]{subsection.20.1.2}{LR-r\341s:}{section.20.1}% 130
\BOOKMARK [2][-]{subsection.20.1.3}{LC-r\341s:}{section.20.1}% 131
\BOOKMARK [2][-]{subsection.20.1.4}{RCL-r\341s:}{section.20.1}% 132
\BOOKMARK [1][-]{section.20.2}{Ri\360spennur\341sir \(AC\)}{chapter.20}% 133
\BOOKMARK [1][-]{section.20.3}{D\346mi}{chapter.20}% 134
\BOOKMARK [0][-]{chapter.21}{Saga at\363msins}{}% 135
\BOOKMARK [1][-]{section.21.1}{Hi\360 agnarsm\341a kemur \355 sk\366mmtum}{chapter.21}% 136
\BOOKMARK [1][-]{section.21.2}{Thomson uppg\366tvar rafeindina}{chapter.21}% 137
\BOOKMARK [1][-]{section.21.3}{Ol\355udropatilraun Millikan og Fletchers}{chapter.21}% 138
\BOOKMARK [1][-]{section.21.4}{Gull\376ynnutilraun Rutherfords}{chapter.21}% 139
\BOOKMARK [1][-]{section.21.5}{Chadwick uppg\366tvar nifteindina}{chapter.21}% 140
\BOOKMARK [1][-]{section.21.6}{Sta\360all\355kani\360}{chapter.21}% 141
\BOOKMARK [0][-]{chapter.22}{Afst\346\360iskenningin}{}% 142
\BOOKMARK [1][-]{section.22.1}{Inngangur}{chapter.22}% 143
\BOOKMARK [1][-]{section.22.2}{Frumsendur afst\346\360iskenningarinnar}{chapter.22}% 144
\BOOKMARK [1][-]{section.22.3}{T\355malenging}{chapter.22}% 145
\BOOKMARK [1][-]{section.22.4}{Lengdarstytting}{chapter.22}% 146
\BOOKMARK [1][-]{section.22.5}{Lorentz-ummyndanir}{chapter.22}% 147
\BOOKMARK [1][-]{section.22.6}{\323breyttna t\355mar\372msvegalengdin}{chapter.22}% 148
\BOOKMARK [1][-]{section.22.7}{T\355mar\372msmyndir}{chapter.22}% 149
\BOOKMARK [1][-]{section.22.8}{Hra\360asamlagning}{chapter.22}% 150
\BOOKMARK [1][-]{section.22.9}{Dopplerhrif fyrir lj\363s}{chapter.22}% 151
\BOOKMARK [1][-]{section.22.10}{Skri\360\376ungi, orka og kraftur}{chapter.22}% 152
\BOOKMARK [1][-]{section.22.11}{N\341lganir}{chapter.22}% 153
\BOOKMARK [1][-]{section.22.12}{D\346mi}{chapter.22}% 154
\BOOKMARK [0][-]{chapter.23}{Lj\363s}{}% 155
\BOOKMARK [1][-]{section.23.1}{L\366gm\341l Snells}{chapter.23}% 156
\BOOKMARK [1][-]{section.23.2}{Alspeglun}{chapter.23}% 157
\BOOKMARK [1][-]{section.23.3}{Upprifjun: Einf\366ld sveifluhreyfing og bylgjusamli\360un}{chapter.23}% 158
\BOOKMARK [1][-]{section.23.4}{Tveggja raufa tilraun Youngs: Lj\363ssamli\360un}{chapter.23}% 159
\BOOKMARK [1][-]{section.23.5}{Margar raufar}{chapter.23}% 160
\BOOKMARK [1][-]{section.23.6}{Ein rauf: Lj\363sbognun}{chapter.23}% 161
\BOOKMARK [1][-]{section.23.7}{B\346\360i samli\360unarmynstur og bognunarmynstur}{chapter.23}% 162
\BOOKMARK [1][-]{section.23.8}{Linsur og geislagangsmyndir}{chapter.23}% 163
\BOOKMARK [1][-]{section.23.9}{Safnlinsur: Raunveruleg mynd}{chapter.23}% 164
\BOOKMARK [1][-]{section.23.10}{Safnlinsur: \315myndu\360 mynd}{chapter.23}% 165
\BOOKMARK [1][-]{section.23.11}{Dreifilinsur}{chapter.23}% 166
\BOOKMARK [1][-]{section.23.12}{D\346mi}{chapter.23}% 167
\BOOKMARK [0][-]{chapter.24}{Kjarne\360lisfr\346\360i}{}% 168
\BOOKMARK [1][-]{section.24.1}{St\346r\360 kjarnans}{chapter.24}% 169
\BOOKMARK [1][-]{section.24.2}{Geislavirkni}{chapter.24}% 170
\BOOKMARK [1][-]{section.24.3}{Kjarnaorka og st\366\360ugleiki frumefna}{chapter.24}% 171
\BOOKMARK [1][-]{section.24.4}{Mismunandi ger\360ir af j\363nandi geislun \(, \040og \040geislun\)}{chapter.24}% 172
\BOOKMARK [2][-]{subsection.24.4.1}{-geislun}{section.24.4}% 173
\BOOKMARK [2][-]{subsection.24.4.2}{-geislun}{section.24.4}% 174
\BOOKMARK [2][-]{subsection.24.4.3}{Gamma-geislun}{section.24.4}% 175
\BOOKMARK [1][-]{section.24.5}{D\346mi}{chapter.24}% 176
\BOOKMARK [0][-]{chapter.25}{Inngangur a\360 skammtafr\346\360i}{}% 177
\BOOKMARK [1][-]{section.25.1}{S\366gulegur inngangur}{chapter.25}% 178
\BOOKMARK [1][-]{section.25.2}{Glerp\355putilraun Faradays}{chapter.25}% 179
\BOOKMARK [1][-]{section.25.3}{Lj\363sr\366funartilraunin og \372tsk\375ring Einsteins}{chapter.25}% 180
\BOOKMARK [1][-]{section.25.4}{Efnisbylgjur de Broglie}{chapter.25}% 181
\BOOKMARK [1][-]{section.25.5}{Klass\355skur l\355ft\355mi at\363msins \(*\)}{chapter.25}% 182
\BOOKMARK [1][-]{section.25.6}{Bohr-l\355kani\360}{chapter.25}% 183
\BOOKMARK [1][-]{section.25.7}{\323endanlegur m\346ttisbrunnur}{chapter.25}% 184
\BOOKMARK [1][-]{section.25.8}{D\346mi}{chapter.25}% 185
